2023-09-02 15:58:26,397 [main] INFO c.n.m.NhnMartShell [NhnMartShell.java:13] - NHN 마트에 오신 것을 환영합니다. 사고 싶은 물건을 골라주세요
2023-09-02 15:58:26,407 [main] INFO c.n.m.NhnMartShell [NhnMartShell.java:44] - 항목의 개수를 입력하세요: 
2023-09-02 15:58:42,836 [main] WARN c.n.m.NhnMartShell [FoodStand.java:36] - 물품이 모두 떨어졌습니다.
2023-09-02 15:59:28,708 [main] INFO c.n.m.NhnMartShell [NhnMartShell.java:13] - NHN 마트에 오신 것을 환영합니다. 사고 싶은 물건을 골라주세요
2023-09-02 15:59:28,717 [main] INFO c.n.m.NhnMartShell [NhnMartShell.java:44] - 항목의 개수를 입력하세요: 
2023-09-02 15:59:39,969 [main] ERROR c.n.m.NhnMartShell [FoodStand.java:36] - 물품이 모두 떨어졌습니다.
2023-09-02 16:02:30,282 [main] INFO c.n.m.NhnMartShell [NhnMartShell.java:13] - NHN 마트에 오신 것을 환영합니다. 사고 싶은 물건을 골라주세요
2023-09-02 16:02:30,291 [main] INFO c.n.m.NhnMartShell [NhnMartShell.java:44] - 항목의 개수를 입력하세요: 
2023-09-02 16:02:42,063 [main] WARN c.n.m.Customer [Customer.java:33] - buylist와 foodstand의 물품이 다릅니다.
2023-09-02 16:04:35,791 [main] INFO c.n.m.NhnMartShell [NhnMartShell.java:13] - NHN 마트에 오신 것을 환영합니다. 사고 싶은 물건을 골라주세요
2023-09-02 16:04:35,801 [main] INFO c.n.m.NhnMartShell [NhnMartShell.java:44] - 항목의 개수를 입력하세요: 
2023-09-02 16:05:32,354 [main] INFO c.n.m.NhnMartShell [NhnMartShell.java:13] - NHN 마트에 오신 것을 환영합니다. 사고 싶은 물건을 골라주세요
2023-09-02 16:05:32,366 [main] INFO c.n.m.NhnMartShell [NhnMartShell.java:44] - 항목의 개수를 입력하세요: 
2023-09-02 16:05:52,027 [main] INFO c.n.m.NhnMartShell [NhnMartShell.java:13] - NHN 마트에 오신 것을 환영합니다. 사고 싶은 물건을 골라주세요
2023-09-02 16:05:52,037 [main] INFO c.n.m.NhnMartShell [NhnMartShell.java:44] - 항목의 개수를 입력하세요: 
2023-09-02 16:06:20,027 [main] INFO c.n.m.NhnMartShell [NhnMartShell.java:13] - NHN 마트에 오신 것을 환영합니다. 사고 싶은 물건을 골라주세요
2023-09-02 16:06:20,037 [main] INFO c.n.m.NhnMartShell [NhnMartShell.java:44] - 항목의 개수를 입력하세요: 
2023-09-02 16:06:27,637 [main] INFO c.n.m.Customer [Customer.java:47] - 총 가격은 6000원 입니다.
2023-09-02 16:08:23,994 [main] INFO c.n.m.NhnMartShell [NhnMartShell.java:13] - NHN 마트에 오신 것을 환영합니다. 사고 싶은 물건을 골라주세요
2023-09-02 16:08:24,003 [main] INFO c.n.m.NhnMartShell [NhnMartShell.java:44] - 항목의 개수를 입력하세요: 
2023-09-02 16:08:32,132 [main] ERROR c.n.m.Counter [Counter.java:24] - 가격을 초과 하면 에러가 나옵니다.
2023-09-02 16:08:32,137 [main] INFO c.n.m.Customer [Customer.java:47] - 총 가격은 25000원 입니다.
2023-09-02 16:08:32,138 [main] INFO c.n.m.Customer [Customer.java:48] - 고객님 결제 후 잔액은 : -5000
2023-09-02 16:55:54,605 [main] ERROR c.n.m.FoodStand [FoodStand.java:36] - 물품이 모두 떨어졌습니다.
2023-09-02 16:58:32,940 [main] ERROR c.n.m.FoodStand [FoodStand.java:36] - 물품이 모두 떨어졌습니다.
2023-09-02 16:58:57,328 [main] INFO c.n.m.NhnMartShell [NhnMartShell.java:13] - NHN 마트에 오신 것을 환영합니다. 사고 싶은 물건을 골라주세요
2023-09-02 16:58:57,338 [main] INFO c.n.m.NhnMartShell [NhnMartShell.java:44] - 항목의 개수를 입력하세요: 
2023-09-02 16:59:12,861 [main] WARN c.n.m.Customer [Customer.java:33] - buylist와 foodstand의 물품이 다릅니다.
2023-09-02 17:26:50,948 [main] ERROR c.n.m.Counter [Counter.java:24] - 가격을 초과 하면 에러가 나옵니다.
2023-09-02 17:39:17,834 [main] ERROR c.n.m.FoodStand [FoodStand.java:36] - 물품이 모두 떨어졌습니다.
2023-09-02 17:39:30,603 [main] ERROR c.n.m.FoodStand [FoodStand.java:36] - 물품이 모두 떨어졌습니다.
2023-09-02 17:39:57,300 [main] ERROR c.n.m.FoodStand [FoodStand.java:36] - 물품이 모두 떨어졌습니다.
2023-09-02 17:40:33,229 [main] ERROR c.n.m.FoodStand [FoodStand.java:36] - 물품이 모두 떨어졌습니다.
2023-09-02 17:48:09,773 [main] INFO c.n.m.NhnMartShell [NhnMartShell.java:13] - NHN 마트에 오신 것을 환영합니다. 사고 싶은 물건을 골라주세요
2023-09-02 17:48:09,784 [main] INFO c.n.m.NhnMartShell [NhnMartShell.java:44] - 항목의 개수를 입력하세요: 
2023-09-02 17:48:18,693 [main] WARN c.n.m.FoodStand [FoodStand.java:46] - buylist와 foodstand의 물품이 다릅니다.
2023-09-02 17:48:29,232 [main] INFO c.n.m.NhnMartShell [NhnMartShell.java:13] - NHN 마트에 오신 것을 환영합니다. 사고 싶은 물건을 골라주세요
2023-09-02 17:48:29,244 [main] INFO c.n.m.NhnMartShell [NhnMartShell.java:44] - 항목의 개수를 입력하세요: 
2023-09-02 17:48:38,979 [main] INFO c.n.m.Customer [Customer.java:47] - 총 가격은 6000원 입니다.
2023-09-02 17:48:38,980 [main] INFO c.n.m.Customer [Customer.java:48] - 고객님 결제 후 잔액은 : 14000
2023-09-02 17:48:47,575 [main] INFO c.n.m.NhnMartShell [NhnMartShell.java:13] - NHN 마트에 오신 것을 환영합니다. 사고 싶은 물건을 골라주세요
2023-09-02 17:48:47,584 [main] INFO c.n.m.NhnMartShell [NhnMartShell.java:44] - 항목의 개수를 입력하세요: 
2023-09-02 17:48:51,313 [main] ERROR c.n.m.FoodStand [FoodStand.java:36] - 물품이 모두 떨어졌습니다.
2023-09-02 17:50:19,723 [main] WARN c.n.m.FoodStand [FoodStand.java:46] - buylist와 foodstand의 물품이 다릅니다.
2023-09-02 18:24:28,204 [main] ERROR c.n.m.Counter [Counter.java:35] - 가격을 초과 하면 에러가 나옵니다.
2023-09-02 18:24:28,207 [main] WARN c.n.m.FoodStand [FoodStand.java:59] - buylist와 foodstand의 물품이 다릅니다.
2023-09-02 18:24:28,208 [main] ERROR c.n.m.FoodStand [FoodStand.java:45] - 물품이 모두 떨어졌습니다.
